#
# A fatal error has been detected by the Java Runtime Environment:
#
#  Internal Error (safepoint.cpp:919), pid=21059, tid=35587
#  fatal error: Illegal threadstate encountered: 4
#
# JRE version: OpenJDK Runtime Environment Corretto-11.0.12.7.2 (11.0.12+7) (build 11.0.12+7-LTS)
# Java VM: OpenJDK 64-Bit Server VM Corretto-11.0.12.7.2 (11.0.12+7-LTS, mixed mode, tiered, compressed oops, g1 gc, bsd-amd64)
# No core dump will be written. Core dumps have been disabled. To enable core dumping, try "ulimit -c unlimited" before starting Java again
#
# If you would like to submit a bug report, please visit:
#   https://github.com/corretto/corretto-11/issues/
# The crash happened outside the Java Virtual Machine in native code.
# See problematic frame for where to report the bug.
#

---------------  S U M M A R Y ------------

Command Line: --module-path=/Users/kamruljaman/Java/javafx-sdk-17.0.1/lib --add-modules=javafx.controls,javafx.fxml -javaagent:/Applications/IntelliJ IDEA.app/Contents/lib/idea_rt.jar=54037:/Applications/IntelliJ IDEA.app/Contents/bin -Dfile.encoding=UTF-8 system.MainApplication

Host: MacBookPro12,1 x86_64 2700 MHz, 4 cores, 8G, Darwin 21.1.0
Time: Mon Dec 27 04:36:45 2021 +06 elapsed time: 1.526199 seconds (0d 0h 0m 1s)

---------------  T H R E A D  ---------------

Current thread (0x00007fbb9e1fe000):  JavaThread "InvokeLaterDispatcher" daemon [_thread_in_native, id=35587, stack(0x0000700001b69000,0x0000700001c69000)]

Stack: [0x0000700001b69000,0x0000700001c69000],  sp=0x0000700001c672b0,  free space=1016k
Native frames: (J=compiled Java code, A=aot compiled Java code, j=interpreted, Vv=VM code, C=native code)
V  [libjvm.dylib+0x79e336]  _ZN7VMError14report_and_dieEiPKcS1_P13__va_list_tagP6ThreadPhPvS7_S1_im+0x652
V  [libjvm.dylib+0x79ea29]  _ZN7VMError14report_and_dieEP6ThreadPvPKciS4_S4_P13__va_list_tag+0x3f
V  [libjvm.dylib+0x27203f]  _Z12report_fatalPKciS0_z+0xb5
V  [libjvm.dylib+0x67a88d]  _ZN20SafepointSynchronize5blockEP10JavaThread+0x1d1
V  [libjvm.dylib+0x758c61]  _ZN10JavaThread44check_safepoint_and_suspend_for_native_transEPS_+0xab
V  [libjvm.dylib+0x1d3881]  _ZN20ThreadInVMfromNativeC1EP10JavaThread+0x6d
V  [libjvm.dylib+0x3ec9ff]  jni_DeleteGlobalRef+0x3e
C  [libglass.dylib+0x82e8]  -[GlassRunnable dealloc]+0x28
C  [Foundation+0x8210b]  -[_NSThreadPerformInfo dealloc]+0x2a
C  [Foundation+0x4edc7]  -[NSObject(NSThreadPerformAdditions) performSelectorOnMainThread:withObject:waitUntilDone:]+0x7c
j  com.sun.glass.ui.mac.MacApplication._submitForLaterInvocation(Ljava/lang/Runnable;)V+0 javafx.graphics
j  com.sun.glass.ui.mac.MacApplication.submitForLaterInvocation(Ljava/lang/Runnable;)V+2 javafx.graphics
j  com.sun.glass.ui.InvokeLaterDispatcher.run()V+82 javafx.graphics
v  ~StubRoutines::call_stub
V  [libjvm.dylib+0x3af3a8]  _ZN9JavaCalls11call_helperEP9JavaValueRK12methodHandleP17JavaCallArgumentsP6Thread+0x274
V  [libjvm.dylib+0x3ae7b3]  _ZN9JavaCalls12call_virtualEP9JavaValueP5KlassP6SymbolS5_P17JavaCallArgumentsP6Thread+0xe9
V  [libjvm.dylib+0x3ae86e]  _ZN9JavaCalls12call_virtualEP9JavaValue6HandleP5KlassP6SymbolS6_P6Thread+0x62
V  [libjvm.dylib+0x42ef6e]  _ZL12thread_entryP10JavaThreadP6Thread+0x78
V  [libjvm.dylib+0x75776c]  _ZN10JavaThread17thread_main_innerEv+0x82
V  [libjvm.dylib+0x7575be]  _ZN10JavaThread3runEv+0x178
V  [libjvm.dylib+0x7554d8]  _ZN6Thread8call_runEv+0x68
V  [libjvm.dylib+0x60a753]  _ZL19thread_native_entryP6Thread+0x12d
C  [libsystem_pthread.dylib+0x6514]  _pthread_start+0x7d
C  [libsystem_pthread.dylib+0x202f]  thread_start+0xf

Java frames: (J=compiled Java code, j=interpreted, Vv=VM code)
j  com.sun.glass.ui.mac.MacApplication._submitForLaterInvocation(Ljava/lang/Runnable;)V+0 javafx.graphics
j  com.sun.glass.ui.mac.MacApplication.submitForLaterInvocation(Ljava/lang/Runnable;)V+2 javafx.graphics
j  com.sun.glass.ui.InvokeLaterDispatcher.run()V+82 javafx.graphics
v  ~StubRoutines::call_stub

---------------  P R O C E S S  ---------------

Threads class SMR info:
_java_thread_list=0x00006000012cd5e0, length=14, elements={
0x00007fbb9e009000, 0x00007fbb9d054000, 0x00007fbb9e827000, 0x00007fbb9f051000,
0x00007fbb9e823800, 0x00007fbb9e057000, 0x00007fbb9e012000, 0x00007fbb9e013000,
0x00007fbb9d055800, 0x00007fbb9f174000, 0x00007fbb9d154000, 0x00007fbb9e1fe000,
0x00007fbb9e957000, 0x00007fbb9e959800
}

Java Threads: ( => current thread )
  0x00007fbb9e009000 JavaThread "main" [_thread_blocked, id=9731, stack(0x0000700000627000,0x0000700000727000)]
  0x00007fbb9d054000 JavaThread "Reference Handler" daemon [_thread_blocked, id=17923, stack(0x0000700000d3c000,0x0000700000e3c000)]
  0x00007fbb9e827000 JavaThread "Finalizer" daemon [_thread_blocked, id=17411, stack(0x0000700000e3f000,0x0000700000f3f000)]
  0x00007fbb9f051000 JavaThread "Signal Dispatcher" daemon [_thread_blocked, id=15363, stack(0x0000700001048000,0x0000700001148000)]
  0x00007fbb9e823800 JavaThread "Service Thread" daemon [_thread_blocked, id=22019, stack(0x000070000114b000,0x000070000124b000)]
  0x00007fbb9e057000 JavaThread "C2 CompilerThread0" daemon [_thread_in_native, id=22531, stack(0x000070000124e000,0x000070000134e000)]
  0x00007fbb9e012000 JavaThread "C1 CompilerThread0" daemon [_thread_in_native, id=42755, stack(0x0000700001351000,0x0000700001451000)]
  0x00007fbb9e013000 JavaThread "Sweeper thread" daemon [_thread_blocked, id=41987, stack(0x0000700001454000,0x0000700001554000)]
  0x00007fbb9d055800 JavaThread "Common-Cleaner" daemon [_thread_blocked, id=41219, stack(0x0000700001557000,0x0000700001657000)]
  0x00007fbb9f174000 JavaThread "Monitor Ctrl-Break" daemon [_thread_in_native, id=23299, stack(0x000070000165a000,0x000070000175a000)]
  0x00007fbb9d154000 JavaThread "QuantumRenderer-0" daemon [_thread_in_vm, id=23811, stack(0x0000700001860000,0x0000700001960000)]
=>0x00007fbb9e1fe000 JavaThread "InvokeLaterDispatcher" daemon [_thread_in_native, id=35587, stack(0x0000700001b69000,0x0000700001c69000)]
  0x00007fbb9e957000 JavaThread "JavaFX Application Thread" [_thread_blocked, id=259, stack(0x00007ff7bc5fa000,0x00007ff7bcdfa000)]
  0x00007fbb9e959800 JavaThread "Attach Listener" daemon [_thread_blocked, id=33539, stack(0x0000700001c6c000,0x0000700001d6c000)]

Other Threads:
  0x00007fbb9f04e000 VMThread "VM Thread" [stack: 0x0000700000c39000,0x0000700000d39000] [id=18179]
  0x00007fbb9e1b6800 WatcherThread [stack: 0x000070000175d000,0x000070000185d000] [id=23555]
  0x00007fbb9e022000 GCTaskThread "GC Thread#0" [stack: 0x000070000072a000,0x000070000082a000] [id=20995]
  0x00007fbb9e955000 GCTaskThread "GC Thread#1" [stack: 0x0000700001963000,0x0000700001a63000] [id=36623]
  0x00007fbb9e92f800 GCTaskThread "GC Thread#2" [stack: 0x0000700001a66000,0x0000700001b66000] [id=27907]
  0x00007fbb9e043000 ConcurrentGCThread "G1 Main Marker" [stack: 0x000070000082d000,0x000070000092d000] [id=11779]
  0x00007fbb9e043800 ConcurrentGCThread "G1 Conc#0" [stack: 0x0000700000930000,0x0000700000a30000] [id=19971]
  0x00007fbb9f02b800 ConcurrentGCThread "G1 Refine#0" [stack: 0x0000700000a33000,0x0000700000b33000] [id=12291]
  0x00007fbb9f02c800 ConcurrentGCThread "G1 Young RemSet Sampling" [stack: 0x0000700000b36000,0x0000700000c36000] [id=19459]

Threads with active compile tasks:
C2 CompilerThread0   1560  804       4       jdk.internal.org.objectweb.asm.Type::getArgumentsAndReturnSizes (151 bytes)
C1 CompilerThread0   1560  803       3       java.lang.invoke.MethodHandles$Lookup::checkSecurityManager (104 bytes)

VM state:not at safepoint (normal execution)

VM Mutex/Monitor currently owned by a thread: None

Heap address: 0x0000000780000000, size: 2048 MB, Compressed Oops mode: Zero based, Oop shift amount: 3
Narrow klass base: 0x0000000800000000, Narrow klass shift: 0
Compressed class space size: 1073741824 Address: 0x0000000800000000

Heap:
 garbage-first heap   total 131072K, used 6759K [0x0000000780000000, 0x0000000800000000)
  region size 1024K, 7 young (7168K), 2 survivors (2048K)
 Metaspace       used 10489K, capacity 10784K, committed 11008K, reserved 1058816K
  class space    used 1040K, capacity 1177K, committed 1280K, reserved 1048576K
Heap Regions: E=young(eden), S=young(survivor), O=old, HS=humongous(starts), HC=humongous(continues), CS=collection set, F=free, A=archive, TAMS=top-at-mark-start (previous, next)
|   0|0x0000000780000000, 0x0000000780099c00, 0x0000000780100000| 60%| O|  |TAMS 0x0000000780000000, 0x0000000780000000| Untracked 
|   1|0x0000000780100000, 0x0000000780100000, 0x0000000780200000|  0%| F|  |TAMS 0x0000000780100000, 0x0000000780100000| Untracked 
|   2|0x0000000780200000, 0x0000000780200000, 0x0000000780300000|  0%| F|  |TAMS 0x0000000780200000, 0x0000000780200000| Untracked 
|   3|0x0000000780300000, 0x0000000780300000, 0x0000000780400000|  0%| F|  |TAMS 0x0000000780300000, 0x0000000780300000| Untracked 
|   4|0x0000000780400000, 0x0000000780400000, 0x0000000780500000|  0%| F|  |TAMS 0x0000000780400000, 0x0000000780400000| Untracked 
|   5|0x0000000780500000, 0x0000000780500000, 0x0000000780600000|  0%| F|  |TAMS 0x0000000780500000, 0x0000000780500000| Untracked 
|   6|0x0000000780600000, 0x0000000780600000, 0x0000000780700000|  0%| F|  |TAMS 0x0000000780600000, 0x0000000780600000| Untracked 
|   7|0x0000000780700000, 0x0000000780700000, 0x0000000780800000|  0%| F|  |TAMS 0x0000000780700000, 0x0000000780700000| Untracked 
|   8|0x0000000780800000, 0x0000000780800000, 0x0000000780900000|  0%| F|  |TAMS 0x0000000780800000, 0x0000000780800000| Untracked 
|   9|0x0000000780900000, 0x0000000780900000, 0x0000000780a00000|  0%| F|  |TAMS 0x0000000780900000, 0x0000000780900000| Untracked 
|  10|0x0000000780a00000, 0x0000000780a00000, 0x0000000780b00000|  0%| F|  |TAMS 0x0000000780a00000, 0x0000000780a00000| Untracked 
|  11|0x0000000780b00000, 0x0000000780b00000, 0x0000000780c00000|  0%| F|  |TAMS 0x0000000780b00000, 0x0000000780b00000| Untracked 
|  12|0x0000000780c00000, 0x0000000780c00000, 0x0000000780d00000|  0%| F|  |TAMS 0x0000000780c00000, 0x0000000780c00000| Untracked 
|  13|0x0000000780d00000, 0x0000000780d00000, 0x0000000780e00000|  0%| F|  |TAMS 0x0000000780d00000, 0x0000000780d00000| Untracked 
|  14|0x0000000780e00000, 0x0000000780e00000, 0x0000000780f00000|  0%| F|  |TAMS 0x0000000780e00000, 0x0000000780e00000| Untracked 
|  15|0x0000000780f00000, 0x0000000780f00000, 0x0000000781000000|  0%| F|  |TAMS 0x0000000780f00000, 0x0000000780f00000| Untracked 
|  16|0x0000000781000000, 0x0000000781000000, 0x0000000781100000|  0%| F|  |TAMS 0x0000000781000000, 0x0000000781000000| Untracked 
|  17|0x0000000781100000, 0x0000000781100000, 0x0000000781200000|  0%| F|  |TAMS 0x0000000781100000, 0x0000000781100000| Untracked 
|  18|0x0000000781200000, 0x0000000781200000, 0x0000000781300000|  0%| F|  |TAMS 0x0000000781200000, 0x0000000781200000| Untracked 
|  19|0x0000000781300000, 0x0000000781300000, 0x0000000781400000|  0%| F|  |TAMS 0x0000000781300000, 0x0000000781300000| Untracked 
|  20|0x0000000781400000, 0x0000000781400000, 0x0000000781500000|  0%| F|  |TAMS 0x0000000781400000, 0x0000000781400000| Untracked 
|  21|0x0000000781500000, 0x0000000781500000, 0x0000000781600000|  0%| F|  |TAMS 0x0000000781500000, 0x0000000781500000| Untracked 
|  22|0x0000000781600000, 0x0000000781600000, 0x0000000781700000|  0%| F|  |TAMS 0x0000000781600000, 0x0000000781600000| Untracked 
|  23|0x0000000781700000, 0x0000000781700000, 0x0000000781800000|  0%| F|  |TAMS 0x0000000781700000, 0x0000000781700000| Untracked 
|  24|0x0000000781800000, 0x0000000781800000, 0x0000000781900000|  0%| F|  |TAMS 0x0000000781800000, 0x0000000781800000| Untracked 
|  25|0x0000000781900000, 0x0000000781900000, 0x0000000781a00000|  0%| F|  |TAMS 0x0000000781900000, 0x0000000781900000| Untracked 
|  26|0x0000000781a00000, 0x0000000781a00000, 0x0000000781b00000|  0%| F|  |TAMS 0x0000000781a00000, 0x0000000781a00000| Untracked 
|  27|0x0000000781b00000, 0x0000000781b00000, 0x0000000781c00000|  0%| F|  |TAMS 0x0000000781b00000, 0x0000000781b00000| Untracked 
|  28|0x0000000781c00000, 0x0000000781c00000, 0x0000000781d00000|  0%| F|  |TAMS 0x0000000781c00000, 0x0000000781c00000| Untracked 
|  29|0x0000000781d00000, 0x0000000781d00000, 0x0000000781e00000|  0%| F|  |TAMS 0x0000000781d00000, 0x0000000781d00000| Untracked 
|  30|0x0000000781e00000, 0x0000000781e00000, 0x0000000781f00000|  0%| F|  |TAMS 0x0000000781e00000, 0x0000000781e00000| Untracked 
|  31|0x0000000781f00000, 0x0000000781f00000, 0x0000000782000000|  0%| F|  |TAMS 0x0000000781f00000, 0x0000000781f00000| Untracked 
|  32|0x0000000782000000, 0x0000000782000000, 0x0000000782100000|  0%| F|  |TAMS 0x0000000782000000, 0x0000000782000000| Untracked 
|  33|0x0000000782100000, 0x0000000782100000, 0x0000000782200000|  0%| F|  |TAMS 0x0000000782100000, 0x0000000782100000| Untracked 
|  34|0x0000000782200000, 0x0000000782200000, 0x0000000782300000|  0%| F|  |TAMS 0x0000000782200000, 0x0000000782200000| Untracked 
|  35|0x0000000782300000, 0x0000000782300000, 0x0000000782400000|  0%| F|  |TAMS 0x0000000782300000, 0x0000000782300000| Untracked 
|  36|0x0000000782400000, 0x0000000782400000, 0x0000000782500000|  0%| F|  |TAMS 0x0000000782400000, 0x0000000782400000| Untracked 
|  37|0x0000000782500000, 0x0000000782500000, 0x0000000782600000|  0%| F|  |TAMS 0x0000000782500000, 0x0000000782500000| Untracked 
|  38|0x0000000782600000, 0x0000000782600000, 0x0000000782700000|  0%| F|  |TAMS 0x0000000782600000, 0x0000000782600000| Untracked 
|  39|0x0000000782700000, 0x0000000782700000, 0x0000000782800000|  0%| F|  |TAMS 0x0000000782700000, 0x0000000782700000| Untracked 
|  40|0x0000000782800000, 0x0000000782800000, 0x0000000782900000|  0%| F|  |TAMS 0x0000000782800000, 0x0000000782800000| Untracked 
|  41|0x0000000782900000, 0x0000000782900000, 0x0000000782a00000|  0%| F|  |TAMS 0x0000000782900000, 0x0000000782900000| Untracked 
|  42|0x0000000782a00000, 0x0000000782a00000, 0x0000000782b00000|  0%| F|  |TAMS 0x0000000782a00000, 0x0000000782a00000| Untracked 
|  43|0x0000000782b00000, 0x0000000782b00000, 0x0000000782c00000|  0%| F|  |TAMS 0x0000000782b00000, 0x0000000782b00000| Untracked 
|  44|0x0000000782c00000, 0x0000000782c00000, 0x0000000782d00000|  0%| F|  |TAMS 0x0000000782c00000, 0x0000000782c00000| Untracked 
|  45|0x0000000782d00000, 0x0000000782d00000, 0x0000000782e00000|  0%| F|  |TAMS 0x0000000782d00000, 0x0000000782d00000| Untracked 
|  46|0x0000000782e00000, 0x0000000782e00000, 0x0000000782f00000|  0%| F|  |TAMS 0x0000000782e00000, 0x0000000782e00000| Untracked 
|  47|0x0000000782f00000, 0x0000000782f00000, 0x0000000783000000|  0%| F|  |TAMS 0x0000000782f00000, 0x0000000782f00000| Untracked 
|  48|0x0000000783000000, 0x0000000783000000, 0x0000000783100000|  0%| F|  |TAMS 0x0000000783000000, 0x0000000783000000| Untracked 
|  49|0x0000000783100000, 0x0000000783100000, 0x0000000783200000|  0%| F|  |TAMS 0x0000000783100000, 0x0000000783100000| Untracked 
|  50|0x0000000783200000, 0x0000000783200000, 0x0000000783300000|  0%| F|  |TAMS 0x0000000783200000, 0x0000000783200000| Untracked 
|  51|0x0000000783300000, 0x0000000783300000, 0x0000000783400000|  0%| F|  |TAMS 0x0000000783300000, 0x0000000783300000| Untracked 
|  52|0x0000000783400000, 0x0000000783400000, 0x0000000783500000|  0%| F|  |TAMS 0x0000000783400000, 0x0000000783400000| Untracked 
|  53|0x0000000783500000, 0x0000000783500000, 0x0000000783600000|  0%| F|  |TAMS 0x0000000783500000, 0x0000000783500000| Untracked 
|  54|0x0000000783600000, 0x0000000783600000, 0x0000000783700000|  0%| F|  |TAMS 0x0000000783600000, 0x0000000783600000| Untracked 
|  55|0x0000000783700000, 0x0000000783700000, 0x0000000783800000|  0%| F|  |TAMS 0x0000000783700000, 0x0000000783700000| Untracked 
|  56|0x0000000783800000, 0x0000000783800000, 0x0000000783900000|  0%| F|  |TAMS 0x0000000783800000, 0x0000000783800000| Untracked 
|  57|0x0000000783900000, 0x0000000783900000, 0x0000000783a00000|  0%| F|  |TAMS 0x0000000783900000, 0x0000000783900000| Untracked 
|  58|0x0000000783a00000, 0x0000000783a00000, 0x0000000783b00000|  0%| F|  |TAMS 0x0000000783a00000, 0x0000000783a00000| Untracked 
|  59|0x0000000783b00000, 0x0000000783b00000, 0x0000000783c00000|  0%| F|  |TAMS 0x0000000783b00000, 0x0000000783b00000| Untracked 
|  60|0x0000000783c00000, 0x0000000783c00000, 0x0000000783d00000|  0%| F|  |TAMS 0x0000000783c00000, 0x0000000783c00000| Untracked 
|  61|0x0000000783d00000, 0x0000000783d00000, 0x0000000783e00000|  0%| F|  |TAMS 0x0000000783d00000, 0x0000000783d00000| Untracked 
|  62|0x0000000783e00000, 0x0000000783e00000, 0x0000000783f00000|  0%| F|  |TAMS 0x0000000783e00000, 0x0000000783e00000| Untracked 
|  63|0x0000000783f00000, 0x0000000783f00000, 0x0000000784000000|  0%| F|  |TAMS 0x0000000783f00000, 0x0000000783f00000| Untracked 
|  64|0x0000000784000000, 0x0000000784000000, 0x0000000784100000|  0%| F|  |TAMS 0x0000000784000000, 0x0000000784000000| Untracked 
|  65|0x0000000784100000, 0x0000000784100000, 0x0000000784200000|  0%| F|  |TAMS 0x0000000784100000, 0x0000000784100000| Untracked 
|  66|0x0000000784200000, 0x0000000784200000, 0x0000000784300000|  0%| F|  |TAMS 0x0000000784200000, 0x0000000784200000| Untracked 
|  67|0x0000000784300000, 0x0000000784300000, 0x0000000784400000|  0%| F|  |TAMS 0x0000000784300000, 0x0000000784300000| Untracked 
|  68|0x0000000784400000, 0x0000000784400000, 0x0000000784500000|  0%| F|  |TAMS 0x0000000784400000, 0x0000000784400000| Untracked 
|  69|0x0000000784500000, 0x0000000784500000, 0x0000000784600000|  0%| F|  |TAMS 0x0000000784500000, 0x0000000784500000| Untracked 
|  70|0x0000000784600000, 0x0000000784600000, 0x0000000784700000|  0%| F|  |TAMS 0x0000000784600000, 0x0000000784600000| Untracked 
|  71|0x0000000784700000, 0x0000000784700000, 0x0000000784800000|  0%| F|  |TAMS 0x0000000784700000, 0x0000000784700000| Untracked 
|  72|0x0000000784800000, 0x0000000784800000, 0x0000000784900000|  0%| F|  |TAMS 0x0000000784800000, 0x0000000784800000| Untracked 
|  73|0x0000000784900000, 0x0000000784900000, 0x0000000784a00000|  0%| F|  |TAMS 0x0000000784900000, 0x0000000784900000| Untracked 
|  74|0x0000000784a00000, 0x0000000784a00000, 0x0000000784b00000|  0%| F|  |TAMS 0x0000000784a00000, 0x0000000784a00000| Untracked 
|  75|0x0000000784b00000, 0x0000000784b00000, 0x0000000784c00000|  0%| F|  |TAMS 0x0000000784b00000, 0x0000000784b00000| Untracked 
|  76|0x0000000784c00000, 0x0000000784c00000, 0x0000000784d00000|  0%| F|  |TAMS 0x0000000784c00000, 0x0000000784c00000| Untracked 
|  77|0x0000000784d00000, 0x0000000784d00000, 0x0000000784e00000|  0%| F|  |TAMS 0x0000000784d00000, 0x0000000784d00000| Untracked 
|  78|0x0000000784e00000, 0x0000000784e00000, 0x0000000784f00000|  0%| F|  |TAMS 0x0000000784e00000, 0x0000000784e00000| Untracked 
|  79|0x0000000784f00000, 0x0000000784f00000, 0x0000000785000000|  0%| F|  |TAMS 0x0000000784f00000, 0x0000000784f00000| Untracked 
|  80|0x0000000785000000, 0x0000000785000000, 0x0000000785100000|  0%| F|  |TAMS 0x0000000785000000, 0x0000000785000000| Untracked 
|  81|0x0000000785100000, 0x0000000785100000, 0x0000000785200000|  0%| F|  |TAMS 0x0000000785100000, 0x0000000785100000| Untracked 
|  82|0x0000000785200000, 0x0000000785200000, 0x0000000785300000|  0%| F|  |TAMS 0x0000000785200000, 0x0000000785200000| Untracked 
|  83|0x0000000785300000, 0x0000000785300000, 0x0000000785400000|  0%| F|  |TAMS 0x0000000785300000, 0x0000000785300000| Untracked 
|  84|0x0000000785400000, 0x0000000785400000, 0x0000000785500000|  0%| F|  |TAMS 0x0000000785400000, 0x0000000785400000| Untracked 
|  85|0x0000000785500000, 0x0000000785500000, 0x0000000785600000|  0%| F|  |TAMS 0x0000000785500000, 0x0000000785500000| Untracked 
|  86|0x0000000785600000, 0x0000000785600000, 0x0000000785700000|  0%| F|  |TAMS 0x0000000785600000, 0x0000000785600000| Untracked 
|  87|0x0000000785700000, 0x0000000785700000, 0x0000000785800000|  0%| F|  |TAMS 0x0000000785700000, 0x0000000785700000| Untracked 
|  88|0x0000000785800000, 0x0000000785800000, 0x0000000785900000|  0%| F|  |TAMS 0x0000000785800000, 0x0000000785800000| Untracked 
|  89|0x0000000785900000, 0x0000000785900000, 0x0000000785a00000|  0%| F|  |TAMS 0x0000000785900000, 0x0000000785900000| Untracked 
|  90|0x0000000785a00000, 0x0000000785a00000, 0x0000000785b00000|  0%| F|  |TAMS 0x0000000785a00000, 0x0000000785a00000| Untracked 
|  91|0x0000000785b00000, 0x0000000785b00000, 0x0000000785c00000|  0%| F|  |TAMS 0x0000000785b00000, 0x0000000785b00000| Untracked 
|  92|0x0000000785c00000, 0x0000000785c00000, 0x0000000785d00000|  0%| F|  |TAMS 0x0000000785c00000, 0x0000000785c00000| Untracked 
|  93|0x0000000785d00000, 0x0000000785d00000, 0x0000000785e00000|  0%| F|  |TAMS 0x0000000785d00000, 0x0000000785d00000| Untracked 
|  94|0x0000000785e00000, 0x0000000785e00000, 0x0000000785f00000|  0%| F|  |TAMS 0x0000000785e00000, 0x0000000785e00000| Untracked 
|  95|0x0000000785f00000, 0x0000000785f00000, 0x0000000786000000|  0%| F|  |TAMS 0x0000000785f00000, 0x0000000785f00000| Untracked 
|  96|0x0000000786000000, 0x0000000786000000, 0x0000000786100000|  0%| F|  |TAMS 0x0000000786000000, 0x0000000786000000| Untracked 
|  97|0x0000000786100000, 0x0000000786100000, 0x0000000786200000|  0%| F|  |TAMS 0x0000000786100000, 0x0000000786100000| Untracked 
|  98|0x0000000786200000, 0x0000000786200000, 0x0000000786300000|  0%| F|  |TAMS 0x0000000786200000, 0x0000000786200000| Untracked 
|  99|0x0000000786300000, 0x0000000786300000, 0x0000000786400000|  0%| F|  |TAMS 0x0000000786300000, 0x0000000786300000| Untracked 
| 100|0x0000000786400000, 0x0000000786400000, 0x0000000786500000|  0%| F|  |TAMS 0x0000000786400000, 0x0000000786400000| Untracked 
| 101|0x0000000786500000, 0x0000000786500000, 0x0000000786600000|  0%| F|  |TAMS 0x0000000786500000, 0x0000000786500000| Untracked 
| 102|0x0000000786600000, 0x0000000786600000, 0x0000000786700000|  0%| F|  |TAMS 0x0000000786600000, 0x0000000786600000| Untracked 
| 103|0x0000000786700000, 0x0000000786700000, 0x0000000786800000|  0%| F|  |TAMS 0x0000000786700000, 0x0000000786700000| Untracked 
| 104|0x0000000786800000, 0x0000000786800000, 0x0000000786900000|  0%| F|  |TAMS 0x0000000786800000, 0x0000000786800000| Untracked 
| 105|0x0000000786900000, 0x0000000786900000, 0x0000000786a00000|  0%| F|  |TAMS 0x0000000786900000, 0x0000000786900000| Untracked 
| 106|0x0000000786a00000, 0x0000000786a00000, 0x0000000786b00000|  0%| F|  |TAMS 0x0000000786a00000, 0x0000000786a00000| Untracked 
| 107|0x0000000786b00000, 0x0000000786b00000, 0x0000000786c00000|  0%| F|  |TAMS 0x0000000786b00000, 0x0000000786b00000| Untracked 
| 108|0x0000000786c00000, 0x0000000786c00000, 0x0000000786d00000|  0%| F|  |TAMS 0x0000000786c00000, 0x0000000786c00000| Untracked 
| 109|0x0000000786d00000, 0x0000000786d00000, 0x0000000786e00000|  0%| F|  |TAMS 0x0000000786d00000, 0x0000000786d00000| Untracked 
| 110|0x0000000786e00000, 0x0000000786e00000, 0x0000000786f00000|  0%| F|  |TAMS 0x0000000786e00000, 0x0000000786e00000| Untracked 
| 111|0x0000000786f00000, 0x0000000786f00000, 0x0000000787000000|  0%| F|  |TAMS 0x0000000786f00000, 0x0000000786f00000| Untracked 
| 112|0x0000000787000000, 0x0000000787100000, 0x0000000787100000|100%| S|CS|TAMS 0x0000000787000000, 0x0000000787000000| Complete 
| 113|0x0000000787100000, 0x0000000787200000, 0x0000000787200000|100%| S|CS|TAMS 0x0000000787100000, 0x0000000787100000| Complete 
| 114|0x0000000787200000, 0x0000000787200000, 0x0000000787300000|  0%| F|  |TAMS 0x0000000787200000, 0x0000000787200000| Untracked 
| 115|0x0000000787300000, 0x0000000787300000, 0x0000000787400000|  0%| F|  |TAMS 0x0000000787300000, 0x0000000787300000| Untracked 
| 116|0x0000000787400000, 0x0000000787400000, 0x0000000787500000|  0%| F|  |TAMS 0x0000000787400000, 0x0000000787400000| Untracked 
| 117|0x0000000787500000, 0x0000000787500000, 0x0000000787600000|  0%| F|  |TAMS 0x0000000787500000, 0x0000000787500000| Untracked 
| 118|0x0000000787600000, 0x0000000787600000, 0x0000000787700000|  0%| F|  |TAMS 0x0000000787600000, 0x0000000787600000| Untracked 
| 119|0x0000000787700000, 0x0000000787700000, 0x0000000787800000|  0%| F|  |TAMS 0x0000000787700000, 0x0000000787700000| Untracked 
| 120|0x0000000787800000, 0x0000000787800000, 0x0000000787900000|  0%| F|  |TAMS 0x0000000787800000, 0x0000000787800000| Untracked 
| 121|0x0000000787900000, 0x0000000787900000, 0x0000000787a00000|  0%| F|  |TAMS 0x0000000787900000, 0x0000000787900000| Untracked 
| 122|0x0000000787a00000, 0x0000000787a00800, 0x0000000787b00000|  0%| E|  |TAMS 0x0000000787a00000, 0x0000000787a00000| Complete 
| 123|0x0000000787b00000, 0x0000000787c00000, 0x0000000787c00000|100%| E|CS|TAMS 0x0000000787b00000, 0x0000000787b00000| Complete 
| 124|0x0000000787c00000, 0x0000000787d00000, 0x0000000787d00000|100%| E|CS|TAMS 0x0000000787c00000, 0x0000000787c00000| Complete 
| 125|0x0000000787d00000, 0x0000000787e00000, 0x0000000787e00000|100%| E|CS|TAMS 0x0000000787d00000, 0x0000000787d00000| Complete 
| 126|0x0000000787e00000, 0x0000000787f00000, 0x0000000787f00000|100%| E|CS|TAMS 0x0000000787e00000, 0x0000000787e00000| Complete 
| 127|0x0000000787f00000, 0x0000000788000000, 0x0000000788000000|100%| E|CS|TAMS 0x0000000787f00000, 0x0000000787f00000| Complete 

Card table byte_map: [0x0000000103903000,0x0000000103d03000] _byte_map_base: 0x00000000ffd03000

Marking Bits (Prev, Next): (CMBitMap*) 0x00007fbb9e03a218, (CMBitMap*) 0x00007fbb9e03a250
 Prev Bits: [0x0000000105166000, 0x0000000107166000)
 Next Bits: [0x000000011eecb000, 0x0000000120ecb000)

Polling page: 0x000000010322d000

Metaspace:

Usage:
  Non-class:      9.51 MB capacity,     9.31 MB ( 98%) used,   169.34 KB (  2%) free+waste,    28.50 KB ( <1%) overhead. 
      Class:      1.15 MB capacity,     1.02 MB ( 89%) used,   116.92 KB ( 10%) free+waste,    14.19 KB (  1%) overhead. 
       Both:     10.66 MB capacity,    10.34 MB ( 97%) used,   286.27 KB (  3%) free+waste,    42.69 KB ( <1%) overhead. 

Virtual space:
  Non-class space:       10.00 MB reserved,       9.75 MB ( 98%) committed 
      Class space:        1.00 GB reserved,       1.25 MB ( <1%) committed 
             Both:        1.01 GB reserved,      11.00 MB (  1%) committed 

Chunk freelists:
   Non-Class:  33.00 KB
       Class:  7.00 KB
        Both:  40.00 KB

MaxMetaspaceSize: unlimited
CompressedClassSpaceSize: 1.00 GB
Initial GC threshold: 20.80 MB
Current GC threshold: 20.80 MB
CDS: off

CodeHeap 'non-profiled nmethods': size=120032Kb used=266Kb max_used=266Kb free=119765Kb
 bounds [0x0000000117993000, 0x0000000117c03000, 0x000000011eecb000]
CodeHeap 'profiled nmethods': size=120032Kb used=1170Kb max_used=1170Kb free=118861Kb
 bounds [0x000000011045b000, 0x00000001106cb000, 0x0000000117993000]
CodeHeap 'non-nmethods': size=5696Kb used=1180Kb max_used=1185Kb free=4515Kb
 bounds [0x000000010fecb000, 0x000000011013b000, 0x000000011045b000]
 total_blobs=1249 nmethods=802 adapters=361
 compilation: enabled
              stopped_count=0, restarted_count=0
 full_count=0

Compilation events (20 events):
Event: 1.301 Thread 0x00007fbb9e012000 nmethod 790 0x0000000110573410 code [0x00000001105735e0, 0x00000001105738d0]
Event: 1.301 Thread 0x00007fbb9e012000  791       3       java.util.LinkedHashMap::afterNodeInsertion (40 bytes)
Event: 1.301 Thread 0x00007fbb9e012000 nmethod 791 0x0000000110573a10 code [0x0000000110573c00, 0x0000000110574080]
Event: 1.304 Thread 0x00007fbb9e012000  795       3       java.util.concurrent.ConcurrentHashMap$Traverser::advance (188 bytes)
Event: 1.305 Thread 0x00007fbb9e012000 nmethod 795 0x0000000110574210 code [0x0000000110574480, 0x0000000110575290]
Event: 1.306 Thread 0x00007fbb9e012000  793       3       java.util.Properties::getProperty (50 bytes)
Event: 1.306 Thread 0x00007fbb9e012000 nmethod 793 0x0000000110575590 code [0x0000000110575780, 0x0000000110575c10]
Event: 1.306 Thread 0x00007fbb9e012000  796       1       java.util.concurrent.ConcurrentHashMap$MapEntry::getKey (5 bytes)
Event: 1.306 Thread 0x00007fbb9e012000 nmethod 796 0x00000001179d3a10 code [0x00000001179d3bc0, 0x00000001179d3c70]
Event: 1.306 Thread 0x00007fbb9e012000  797       1       java.util.concurrent.ConcurrentHashMap$MapEntry::getValue (5 bytes)
Event: 1.306 Thread 0x00007fbb9e012000 nmethod 797 0x00000001179d3d10 code [0x00000001179d3ec0, 0x00000001179d3f70]
Event: 1.306 Thread 0x00007fbb9e057000 nmethod 792 0x00000001179d4010 code [0x00000001179d41c0, 0x00000001179d4488]
Event: 1.306 Thread 0x00007fbb9e057000  794       4       java.lang.StringBuilder::append (8 bytes)
Event: 1.307 Thread 0x00007fbb9e012000  799       3       java.util.Properties::saveConvert (434 bytes)
Event: 1.315 Thread 0x00007fbb9e012000 nmethod 799 0x0000000110575d90 code [0x0000000110576280, 0x00000001105783e0]
Event: 1.315 Thread 0x00007fbb9e012000  800       3       java.util.concurrent.ConcurrentHashMap$BaseIterator::hasNext (13 bytes)
Event: 1.316 Thread 0x00007fbb9e012000 nmethod 800 0x0000000110578f90 code [0x0000000110579140, 0x0000000110579290]
Event: 1.329 Thread 0x00007fbb9e057000 nmethod 794 0x00000001179d4690 code [0x00000001179d4840, 0x00000001179d4cd8]
Event: 1.329 Thread 0x00007fbb9e057000  798       4       java.lang.AbstractStringBuilder::append (77 bytes)
Event: 1.339 Thread 0x00007fbb9e057000 nmethod 798 0x00000001179d4f90 code [0x00000001179d5140, 0x00000001179d55d8]

GC Heap History (2 events):
Event: 1.057 GC heap before
{Heap before GC invocations=0 (full 0):
 garbage-first heap   total 131072K, used 14336K [0x0000000780000000, 0x0000000800000000)
  region size 1024K, 14 young (14336K), 0 survivors (0K)
 Metaspace       used 9013K, capacity 9331K, committed 9472K, reserved 1058816K
  class space    used 893K, capacity 992K, committed 1024K, reserved 1048576K
}
Event: 1.061 GC heap after
{Heap after GC invocations=1 (full 0):
 garbage-first heap   total 131072K, used 2663K [0x0000000780000000, 0x0000000800000000)
  region size 1024K, 2 young (2048K), 2 survivors (2048K)
 Metaspace       used 9013K, capacity 9331K, committed 9472K, reserved 1058816K
  class space    used 893K, capacity 992K, committed 1024K, reserved 1048576K
}

Deoptimization events (6 events):
Event: 0.404 Thread 0x00007fbb9e009000 DEOPT PACKING pc=0x00000001104c1a51 sp=0x0000700000725620
Event: 0.404 Thread 0x00007fbb9e009000 DEOPT UNPACKING pc=0x000000010ff1564a sp=0x0000700000724a90 mode 0
Event: 1.267 Thread 0x00007fbb9e959800 Uncommon trap: trap_request=0xffffff4d fr.pc=0x00000001179ab86c relative=0x000000000000060c
Event: 1.267 Thread 0x00007fbb9e959800 Uncommon trap: reason=unstable_if action=reinterpret pc=0x00000001179ab86c method=java.util.ImmutableCollections$SetN.probe(Ljava/lang/Object;)I @ 34 c2
Event: 1.267 Thread 0x00007fbb9e959800 DEOPT PACKING pc=0x00000001179ab86c sp=0x0000700001d693d0
Event: 1.267 Thread 0x00007fbb9e959800 DEOPT UNPACKING pc=0x000000010ff14ea5 sp=0x0000700001d69390 mode 2

Classes redefined (0 events):
No events

Internal exceptions (6 events):
Event: 0.319 Thread 0x00007fbb9e009000 Exception <a 'java/lang/NoSuchMethodError'{0x0000000787e94450}: 'int java.lang.invoke.DirectMethodHandle$Holder.invokeSpecialIFC(java.lang.Object, java.lang.Object, int)'> (0x0000000787e94450) thrown at [src/hotspot/share/interpreter/linkResolver.cpp, line 773]
Event: 0.638 Thread 0x00007fbb9e009000 Exception <a 'java/lang/NoSuchMethodError'{0x0000000787521bc0}: 'java.lang.Object java.lang.invoke.DirectMethodHandle$Holder.invokeStatic(java.lang.Object, java.lang.Object, java.lang.Object, java.lang.Object, java.lang.Object, java.lang.Object, java.lang.Object, java.lang.Object, int)'> (0x0000000787521bc0) thrown at [src/hotspot/share/interpreter/linkResolver.cpp, line 773]
Event: 0.659 Thread 0x00007fbb9e009000 Exception <a 'java/lang/NoSuchMethodError'{0x000000078753cff0}: 'java.lang.Object java.lang.invoke.DirectMethodHandle$Holder.invokeStatic(java.lang.Object, java.lang.Object, java.lang.Object, java.lang.Object, java.lang.Object, java.lang.Object, java.lang.Object, java.lang.Object, int, int)'> (0x000000078753cff0) thrown at [src/hotspot/share/interpreter/linkResolver.cpp, line 773]
Event: 0.663 Thread 0x00007fbb9e009000 Exception <a 'java/lang/NoSuchMethodError'{0x00000007875587a0}: 'java.lang.Object java.lang.invoke.DirectMethodHandle$Holder.invokeStatic(java.lang.Object, java.lang.Object, java.lang.Object, java.lang.Object, java.lang.Object, java.lang.Object, java.lang.Object, java.lang.Object, int, int, java.lang.Object)'> (0x00000007875587a0) thrown at [src/hotspot/share/interpreter/linkResolver.cpp, line 773]
Event: 1.075 Thread 0x00007fbb9e009000 Exception <a 'java/lang/NoSuchMethodError'{0x0000000787f970b8}: 'int java.lang.invoke.DirectMethodHandle$Holder.invokeStaticInit(java.lang.Object, java.lang.Object, java.lang.Object)'> (0x0000000787f970b8) thrown at [src/hotspot/share/interpreter/linkResolver.cpp, line 773]
Event: 1.079 Thread 0x00007fbb9e009000 Exception <a 'java/lang/NoSuchMethodError'{0x0000000787fa2a80}: 'void java.lang.invoke.DirectMethodHandle$Holder.invokeSpecial(java.lang.Object, java.lang.Object)'> (0x0000000787fa2a80) thrown at [src/hotspot/share/interpreter/linkResolver.cpp, line 773]

Events (20 events):
Event: 1.292 loading class sun/util/resources/cldr/TimeZoneNames_en_US
Event: 1.292 loading class sun/util/resources/cldr/TimeZoneNames_en_US done
Event: 1.297 loading class java/util/LinkedHashMap$LinkedKeySet
Event: 1.297 loading class java/util/LinkedHashMap$LinkedKeySet done
Event: 1.297 loading class sun/util/locale/provider/LocaleResources$ResourceReference
Event: 1.297 loading class sun/util/locale/provider/LocaleResources$ResourceReference done
Event: 1.298 loading class sun/util/resources/TimeZoneNames
Event: 1.298 loading class sun/util/resources/TimeZoneNames done
Event: 1.298 loading class sun/util/resources/TimeZoneNames_en
Event: 1.299 loading class sun/util/resources/TimeZoneNames_en done
Event: 1.520 loading class com/sun/glass/ui/EventLoop
Event: 1.520 loading class com/sun/glass/ui/EventLoop done
Event: 1.521 loading class com/sun/glass/ui/EventLoop
Event: 1.521 loading class com/sun/glass/ui/EventLoop done
Event: 1.522 loading class java/util/concurrent/LinkedBlockingDeque$Node
Event: 1.522 loading class java/util/concurrent/LinkedBlockingDeque$Node done
Event: 1.523 Executing VM operation: RevokeBias
Event: 1.524 Executing VM operation: RevokeBias done
Event: 1.524 Protecting memory [0x0000700001d6f000,0x0000700001d73000] with protection modes 3
Event: 1.524 Thread 0x00007fbb9f217800 Thread exited: 0x00007fbb9f217800


Dynamic libraries:
0x000000010322f000 	/Users/kamruljaman/Library/Java/JavaVirtualMachines/corretto-11.0.12/Contents/Home/lib/jli/libjli.dylib
0x00007ff8217b5000 	/System/Library/Frameworks/Cocoa.framework/Versions/A/Cocoa
0x00007ff80d5f3000 	/System/Library/Frameworks/AppKit.framework/Versions/C/AppKit
0x00007ff810ae0000 	/System/Library/Frameworks/CoreData.framework/Versions/A/CoreData
0x00007ff80ba0e000 	/System/Library/Frameworks/Foundation.framework/Versions/C/Foundation
0x00007ff815955000 	/usr/lib/libSystem.B.dylib
0x00007ff80e480000 	/System/Library/PrivateFrameworks/UIFoundation.framework/Versions/A/UIFoundation
0x00007ff81b78d000 	/System/Library/PrivateFrameworks/RemoteViewServices.framework/Versions/A/RemoteViewServices
0x00007ff813b01000 	/System/Library/PrivateFrameworks/XCTTargetBootstrap.framework/Versions/A/XCTTargetBootstrap
0x00007ff817764000 	/System/Library/PrivateFrameworks/InternationalSupport.framework/Versions/A/InternationalSupport
0x00007ff8177ee000 	/System/Library/PrivateFrameworks/UserActivity.framework/Versions/A/UserActivity
0x00007ff816b44000 	/usr/lib/libspindump.dylib
0x00007ff80e70e000 	/System/Library/Frameworks/UniformTypeIdentifiers.framework/Versions/A/UniformTypeIdentifiers
0x00007ff812240000 	/usr/lib/libapp_launch_measurement.dylib
0x00007ff8114aa000 	/System/Library/PrivateFrameworks/CoreAnalytics.framework/Versions/A/CoreAnalytics
0x00007ff812243000 	/System/Library/PrivateFrameworks/CoreAutoLayout.framework/Versions/A/CoreAutoLayout
0x00007ff813462000 	/System/Library/Frameworks/Metal.framework/Versions/A/Metal
0x00007ff814177000 	/usr/lib/liblangid.dylib
0x00007ff813b05000 	/System/Library/PrivateFrameworks/CoreSVG.framework/Versions/A/CoreSVG
0x00007ff80fad0000 	/System/Library/PrivateFrameworks/SkyLight.framework/Versions/A/SkyLight
0x00007ff80fe61000 	/System/Library/Frameworks/CoreGraphics.framework/Versions/A/CoreGraphics
0x00007ff81bdf8000 	/System/Library/Frameworks/Accelerate.framework/Versions/A/Accelerate
0x00007ff8165bf000 	/System/Library/PrivateFrameworks/IconServices.framework/Versions/A/IconServices
0x00007ff813447000 	/System/Library/Frameworks/IOSurface.framework/Versions/A/IOSurface
0x00007ff8114d8000 	/usr/lib/libDiagnosticMessagesClient.dylib
0x00007ff815875000 	/usr/lib/libz.1.dylib
0x00007ff81f457000 	/System/Library/Frameworks/ApplicationServices.framework/Versions/A/ApplicationServices
0x00007ff813aed000 	/System/Library/PrivateFrameworks/DFRFoundation.framework/Versions/A/DFRFoundation
0x00007ff80cee4000 	/usr/lib/libicucore.A.dylib
0x00007ff818486000 	/System/Library/Frameworks/AudioToolbox.framework/Versions/A/AudioToolbox
0x00007ff817770000 	/System/Library/PrivateFrameworks/DataDetectorsCore.framework/Versions/A/DataDetectorsCore
0x00007ff912fb6000 	/System/Library/PrivateFrameworks/TextInput.framework/Versions/A/TextInput
0x00007ff80fa53000 	/usr/lib/libMobileGestalt.dylib
0x00007ff8137f5000 	/System/Library/Frameworks/Carbon.framework/Versions/A/Frameworks/HIToolbox.framework/Versions/A/HIToolbox
0x00007ff811c6e000 	/System/Library/Frameworks/QuartzCore.framework/Versions/A/QuartzCore
0x00007ff80cb85000 	/System/Library/Frameworks/Security.framework/Versions/A/Security
0x00007ff81b7c5000 	/System/Library/Frameworks/Carbon.framework/Versions/A/Frameworks/SpeechRecognition.framework/Versions/A/SpeechRecognition
0x00007ff811fa0000 	/System/Library/PrivateFrameworks/CoreUI.framework/Versions/A/CoreUI
0x00007ff80c45f000 	/System/Library/Frameworks/CoreAudio.framework/Versions/A/CoreAudio
0x00007ff8115c6000 	/System/Library/Frameworks/DiskArbitration.framework/Versions/A/DiskArbitration
0x00007ff816f2b000 	/System/Library/PrivateFrameworks/MultitouchSupport.framework/Versions/A/MultitouchSupport
0x00007ff80fa52000 	/usr/lib/libenergytrace.dylib
0x00007ff80d4df000 	/System/Library/Frameworks/IOKit.framework/Versions/A/IOKit
0x00007ff81bbaf000 	/System/Library/Frameworks/CoreServices.framework/Versions/A/CoreServices
0x00007ff8121da000 	/System/Library/PrivateFrameworks/PerformanceAnalysis.framework/Versions/A/PerformanceAnalysis
0x00007ffa22577000 	/System/Library/Frameworks/OpenGL.framework/Versions/A/OpenGL
0x00007ff814ead000 	/System/Library/PrivateFrameworks/MobileKeyBag.framework/Versions/A/MobileKeyBag
0x00007ff80a9cf000 	/usr/lib/libobjc.A.dylib
0x00007ff81052d000 	/System/Library/Frameworks/ColorSync.framework/Versions/A/ColorSync
0x00007ff80ab88000 	/System/Library/Frameworks/CoreFoundation.framework/Versions/A/CoreFoundation
0x00007ff813d7e000 	/System/Library/Frameworks/CoreImage.framework/Versions/A/CoreImage
0x00007ff80c275000 	/System/Library/Frameworks/CoreText.framework/Versions/A/CoreText
0x00007ff813b34000 	/System/Library/Frameworks/ImageIO.framework/Versions/A/ImageIO
0x00007ff81595b000 	/System/Library/PrivateFrameworks/SoftLinking.framework/Versions/A/SoftLinking
0x00007ff81228b000 	/usr/lib/libxml2.2.dylib
0x00007ff80aa95000 	/usr/lib/libc++.1.dylib
0x00007ff815bde000 	/usr/lib/libcompression.dylib
0x00007ff81769a000 	/System/Library/PrivateFrameworks/TextureIO.framework/Versions/A/TextureIO
0x00007ff8162d1000 	/usr/lib/libate.dylib
0x00007ff815950000 	/usr/lib/system/libcache.dylib
0x00007ff81590c000 	/usr/lib/system/libcommonCrypto.dylib
0x00007ff815935000 	/usr/lib/system/libcompiler_rt.dylib
0x00007ff81592b000 	/usr/lib/system/libcopyfile.dylib
0x00007ff80a8c9000 	/usr/lib/system/libcorecrypto.dylib
0x00007ff80a988000 	/usr/lib/system/libdispatch.dylib
0x00007ff80ab47000 	/usr/lib/system/libdyld.dylib
0x00007ff815947000 	/usr/lib/system/libkeymgr.dylib
0x00007ff8158ea000 	/usr/lib/system/libmacho.dylib
0x00007ff814f81000 	/usr/lib/system/libquarantine.dylib
0x00007ff815945000 	/usr/lib/system/libremovefile.dylib
0x00007ff80fa9f000 	/usr/lib/system/libsystem_asl.dylib
0x00007ff80a877000 	/usr/lib/system/libsystem_blocks.dylib
0x00007ff80aa0c000 	/usr/lib/system/libsystem_c.dylib
0x00007ff81593d000 	/usr/lib/system/libsystem_collections.dylib
0x00007ff814168000 	/usr/lib/system/libsystem_configuration.dylib
0x00007ff81342a000 	/usr/lib/system/libsystem_containermanager.dylib
0x00007ff815629000 	/usr/lib/system/libsystem_coreservices.dylib
0x00007ff80d16d000 	/usr/lib/system/libsystem_darwin.dylib
0x00007ff815948000 	/usr/lib/system/libsystem_dnssd.dylib
0x00007ff80aa09000 	/usr/lib/system/libsystem_featureflags.dylib
0x00007ff80ab5d000 	/usr/lib/system/libsystem_info.dylib
0x00007ff815888000 	/usr/lib/system/libsystem_m.dylib
0x00007ff80a95c000 	/usr/lib/system/libsystem_malloc.dylib
0x00007ff80fa3c000 	/usr/lib/system/libsystem_networkextension.dylib
0x00007ff80d595000 	/usr/lib/system/libsystem_notify.dylib
0x00007ff81ba86000 	/usr/lib/system/libsystem_product_info_filter.dylib
0x00007ff81416c000 	/usr/lib/system/libsystem_sandbox.dylib
0x00007ff815942000 	/usr/lib/system/libsystem_secinit.dylib
0x00007ff80ab04000 	/usr/lib/system/libsystem_kernel.dylib
0x00007ff80ab53000 	/usr/lib/system/libsystem_platform.dylib
0x00007ff80ab3b000 	/usr/lib/system/libsystem_pthread.dylib
0x00007ff8112f0000 	/usr/lib/system/libsystem_symptoms.dylib
0x00007ff80a8b0000 	/usr/lib/system/libsystem_trace.dylib
0x00007ff815918000 	/usr/lib/system/libunwind.dylib
0x00007ff80a879000 	/usr/lib/system/libxpc.dylib
0x00007ff80aaee000 	/usr/lib/libc++abi.dylib
0x00007ff815923000 	/usr/lib/liboah.dylib
0x00007ff8160af000 	/usr/lib/liblzma.5.dylib
0x00007ff80b71f000 	/System/Library/Frameworks/SystemConfiguration.framework/Versions/A/SystemConfiguration
0x00007ff815957000 	/usr/lib/libfakelink.dylib
0x00007ff80f5a6000 	/System/Library/Frameworks/CFNetwork.framework/Versions/A/CFNetwork
0x00007ff815a96000 	/usr/lib/libarchive.2.dylib
0x00007ff814173000 	/System/Library/PrivateFrameworks/AppleSystemInfo.framework/Versions/A/AppleSystemInfo
0x00007ff814fa7000 	/usr/lib/libbsm.0.dylib
0x00007ff80ebdd000 	/usr/lib/libnetwork.dylib
0x00007ff8158f0000 	/usr/lib/system/libkxld.dylib
0x00007ff814bd6000 	/System/Library/PrivateFrameworks/IOMobileFramebuffer.framework/Versions/A/IOMobileFramebuffer
0x00007ffb20060000 	/usr/lib/libCoreEntitlements.dylib
0x00007ff81560b000 	/System/Library/PrivateFrameworks/AppleFSCompression.framework/Versions/A/AppleFSCompression
0x00007ff814f90000 	/usr/lib/libcoretls.dylib
0x00007ff8160c9000 	/usr/lib/libcoretls_cfhelpers.dylib
0x00007ff815bd9000 	/usr/lib/libpam.2.dylib
0x00007ff810f12000 	/usr/lib/libsqlite3.dylib
0x00007ff816138000 	/usr/lib/libxar.1.dylib
0x00007ff81561b000 	/usr/lib/libbz2.1.0.dylib
0x00007ff81595c000 	/usr/lib/libpcap.A.dylib
0x00007ff8112e7000 	/usr/lib/libdns_services.dylib
0x00007ff815ba8000 	/usr/lib/libapple_nghttp2.dylib
0x00007ff815993000 	/usr/lib/libiconv.2.dylib
0x00007ff8158e9000 	/usr/lib/libcharset.1.dylib
0x00007ff81220e000 	/System/Library/Frameworks/CoreServices.framework/Versions/A/Frameworks/FSEvents.framework/Versions/A/FSEvents
0x00007ff80d177000 	/System/Library/Frameworks/CoreServices.framework/Versions/A/Frameworks/CarbonCore.framework/Versions/A/CarbonCore
0x00007ff81152b000 	/System/Library/Frameworks/CoreServices.framework/Versions/A/Frameworks/Metadata.framework/Versions/A/Metadata
0x00007ff81562e000 	/System/Library/Frameworks/CoreServices.framework/Versions/A/Frameworks/OSServices.framework/Versions/A/OSServices
0x00007ff815b1c000 	/System/Library/Frameworks/CoreServices.framework/Versions/A/Frameworks/SearchKit.framework/Versions/A/SearchKit
0x00007ff811279000 	/System/Library/Frameworks/CoreServices.framework/Versions/A/Frameworks/AE.framework/Versions/A/AE
0x00007ff80b08b000 	/System/Library/Frameworks/CoreServices.framework/Versions/A/Frameworks/LaunchServices.framework/Versions/A/LaunchServices
0x00007ff816060000 	/System/Library/Frameworks/CoreServices.framework/Versions/A/Frameworks/DictionaryServices.framework/Versions/A/DictionaryServices
0x00007ff81221b000 	/System/Library/Frameworks/CoreServices.framework/Versions/A/Frameworks/SharedFileList.framework/Versions/A/SharedFileList
0x00007ff814f84000 	/usr/lib/libCheckFix.dylib
0x00007ff80fab6000 	/System/Library/PrivateFrameworks/TCC.framework/Versions/A/TCC
0x00007ff814179000 	/System/Library/PrivateFrameworks/CoreNLP.framework/Versions/A/CoreNLP
0x00007ff8114db000 	/System/Library/PrivateFrameworks/MetadataUtilities.framework/Versions/A/MetadataUtilities
0x00007ff80b7cf000 	/usr/lib/libmecabra.dylib
0x00007ff814fb7000 	/usr/lib/libmecab.dylib
0x00007ff80b79a000 	/usr/lib/libCRFSuite.dylib
0x00007ff815014000 	/usr/lib/libgermantok.dylib
0x00007ff815b83000 	/usr/lib/libThaiTokenizer.dylib
0x00007ff8115cd000 	/System/Library/Frameworks/Accelerate.framework/Versions/A/Frameworks/vImage.framework/Versions/A/vImage
0x00007ff81bb86000 	/System/Library/Frameworks/Accelerate.framework/Versions/A/Frameworks/vecLib.framework/Versions/A/vecLib
0x00007ff816179000 	/System/Library/Frameworks/Accelerate.framework/Versions/A/Frameworks/vecLib.framework/Versions/A/libvMisc.dylib
0x00007ff8149f4000 	/System/Library/Frameworks/Accelerate.framework/Versions/A/Frameworks/vecLib.framework/Versions/A/libvDSP.dylib
0x00007ff80b403000 	/System/Library/Frameworks/Accelerate.framework/Versions/A/Frameworks/vecLib.framework/Versions/A/libBLAS.dylib
0x00007ff815cba000 	/System/Library/Frameworks/Accelerate.framework/Versions/A/Frameworks/vecLib.framework/Versions/A/libLAPACK.dylib
0x00007ff815017000 	/System/Library/Frameworks/Accelerate.framework/Versions/A/Frameworks/vecLib.framework/Versions/A/libLinearAlgebra.dylib
0x00007ff815bc1000 	/System/Library/Frameworks/Accelerate.framework/Versions/A/Frameworks/vecLib.framework/Versions/A/libSparseBLAS.dylib
0x00007ff815cb4000 	/System/Library/Frameworks/Accelerate.framework/Versions/A/Frameworks/vecLib.framework/Versions/A/libQuadrature.dylib
0x00007ff814263000 	/System/Library/Frameworks/Accelerate.framework/Versions/A/Frameworks/vecLib.framework/Versions/A/libBNNS.dylib
0x00007ff80b6b0000 	/System/Library/Frameworks/Accelerate.framework/Versions/A/Frameworks/vecLib.framework/Versions/A/libSparse.dylib
0x00007ff81425c000 	/System/Library/PrivateFrameworks/LinguisticData.framework/Versions/A/LinguisticData
0x00007ff80b665000 	/System/Library/PrivateFrameworks/Lexicon.framework/Versions/A/Lexicon
0x00007ff816172000 	/usr/lib/libChineseTokenizer.dylib
0x00007ff80bdc9000 	/System/Library/PrivateFrameworks/LanguageModeling.framework/Versions/A/LanguageModeling
0x00007ff815b85000 	/System/Library/PrivateFrameworks/AppleSauce.framework/Versions/A/AppleSauce
0x00007ff814bc4000 	/System/Library/PrivateFrameworks/CoreEmoji.framework/Versions/A/CoreEmoji
0x00007ff815a85000 	/usr/lib/libcmph.dylib
0x00007ff8121f2000 	/System/Library/Frameworks/OpenDirectory.framework/Versions/A/Frameworks/CFOpenDirectory.framework/Versions/A/CFOpenDirectory
0x00007ff8121e6000 	/System/Library/Frameworks/OpenDirectory.framework/Versions/A/OpenDirectory
0x00007ff8160cb000 	/System/Library/PrivateFrameworks/APFS.framework/Versions/A/APFS
0x00007ff814ee5000 	/System/Library/Frameworks/SecurityFoundation.framework/Versions/A/SecurityFoundation
0x00007ff816146000 	/usr/lib/libutil.dylib
0x00007ff80d4a2000 	/System/Library/PrivateFrameworks/CoreServicesStore.framework/Versions/A/CoreServicesStore
0x00007ff81614a000 	/usr/lib/libxslt.1.dylib
0x00007ff814f72000 	/System/Library/PrivateFrameworks/BackgroundTaskManagement.framework/Versions/A/BackgroundTaskManagement
0x00007ff8175ba000 	/System/Library/Frameworks/ImageIO.framework/Versions/A/Resources/libRadiance.dylib
0x00007ff8175c3000 	/System/Library/Frameworks/ImageIO.framework/Versions/A/Resources/libJPEG.dylib
0x00007ff817513000 	/System/Library/Frameworks/ImageIO.framework/Versions/A/Resources/libPng.dylib
0x00007ff817534000 	/System/Library/Frameworks/ImageIO.framework/Versions/A/Resources/libTIFF.dylib
0x00007ff817623000 	/System/Library/Frameworks/ImageIO.framework/Versions/A/Resources/libGIF.dylib
0x00007ff816e44000 	/System/Library/Frameworks/ImageIO.framework/Versions/A/Resources/libJP2.dylib
0x00007ff816586000 	/usr/lib/libexpat.1.dylib
0x00007ff816df9000 	/System/Library/PrivateFrameworks/AppleJPEG.framework/Versions/A/AppleJPEG
0x00007ff8136bc000 	/System/Library/PrivateFrameworks/FontServices.framework/libFontParser.dylib
0x00007ff811223000 	/System/Library/PrivateFrameworks/RunningBoardServices.framework/Versions/A/RunningBoardServices
0x00007ff821d26000 	/System/Library/PrivateFrameworks/IOSurfaceAccelerator.framework/Versions/A/IOSurfaceAccelerator
0x00007ff816f27000 	/System/Library/PrivateFrameworks/WatchdogClient.framework/Versions/A/WatchdogClient
0x00007ff80beb8000 	/System/Library/Frameworks/CoreDisplay.framework/Versions/A/CoreDisplay
0x00007ff8135bc000 	/System/Library/Frameworks/CoreMedia.framework/Versions/A/CoreMedia
0x00007ff813459000 	/System/Library/PrivateFrameworks/IOAccelerator.framework/Versions/A/IOAccelerator
0x00007ff81236e000 	/System/Library/Frameworks/CoreVideo.framework/Versions/A/CoreVideo
0x00007ff815bd7000 	/System/Library/Frameworks/MetalPerformanceShaders.framework/Versions/A/MetalPerformanceShaders
0x00007ff816f62000 	/System/Library/Frameworks/VideoToolbox.framework/Versions/A/VideoToolbox
0x00007ff81116b000 	/System/Library/PrivateFrameworks/BaseBoard.framework/Versions/A/BaseBoard
0x00007ff810ef8000 	/System/Library/PrivateFrameworks/ProtocolBuffer.framework/Versions/A/ProtocolBuffer
0x00007ff8175b3000 	/System/Library/PrivateFrameworks/GPUWrangler.framework/Versions/A/GPUWrangler
0x00007ff817596000 	/System/Library/PrivateFrameworks/IOPresentment.framework/Versions/A/IOPresentment
0x00007ff8175bd000 	/System/Library/PrivateFrameworks/DSExternalDisplay.framework/Versions/A/DSExternalDisplay
0x00007ffa2256b000 	/System/Library/Frameworks/OpenGL.framework/Versions/A/Libraries/libCoreFSCache.dylib
0x00007ffb0e65f000 	/System/Library/PrivateFrameworks/GPUCompiler.framework/Versions/31001/Libraries/libGPUCompilerUtils.dylib
0x00007ff817628000 	/System/Library/PrivateFrameworks/CMCaptureCore.framework/Versions/A/CMCaptureCore
0x00007ff816b32000 	/System/Library/PrivateFrameworks/AppServerSupport.framework/Versions/A/AppServerSupport
0x00007ff818d03000 	/System/Library/PrivateFrameworks/perfdata.framework/Versions/A/perfdata
0x00007ff80bfe4000 	/System/Library/PrivateFrameworks/AudioToolboxCore.framework/Versions/A/AudioToolboxCore
0x00007ff813599000 	/System/Library/PrivateFrameworks/caulk.framework/Versions/A/caulk
0x00007ff818630000 	/usr/lib/libAudioStatistics.dylib
0x00007ff90f875000 	/System/Library/PrivateFrameworks/SystemPolicy.framework/Versions/A/SystemPolicy
0x00007ff81887c000 	/usr/lib/libSMC.dylib
0x00007ff821668000 	/System/Library/Frameworks/CoreMIDI.framework/Versions/A/CoreMIDI
0x00007ff8174e3000 	/usr/lib/libAudioToolboxUtility.dylib
0x00007ff90bcfd000 	/System/Library/PrivateFrameworks/OSAServicesClient.framework/Versions/A/OSAServicesClient
0x00007ff818d10000 	/usr/lib/libperfcheck.dylib
0x00007ff910301000 	/usr/lib/libmis.dylib
0x00007ffa225c7000 	/System/Library/Frameworks/OpenGL.framework/Versions/A/Libraries/libGLU.dylib
0x00007ffa2258a000 	/System/Library/Frameworks/OpenGL.framework/Versions/A/Libraries/libGFXShared.dylib
0x00007ffa22798000 	/System/Library/Frameworks/OpenGL.framework/Versions/A/Libraries/libGL.dylib
0x00007ffa22593000 	/System/Library/Frameworks/OpenGL.framework/Versions/A/Libraries/libGLImage.dylib
0x00007ffa22587000 	/System/Library/Frameworks/OpenGL.framework/Versions/A/Libraries/libCVMSPluginSupport.dylib
0x00007ffa22572000 	/System/Library/Frameworks/OpenGL.framework/Versions/A/Libraries/libCoreVMClient.dylib
0x00007ff8140f7000 	/System/Library/Frameworks/MetalPerformanceShaders.framework/Versions/A/Frameworks/MPSCore.framework/Versions/A/MPSCore
0x00007ff815576000 	/System/Library/Frameworks/MetalPerformanceShaders.framework/Versions/A/Frameworks/MPSImage.framework/Versions/A/MPSImage
0x00007ff81502d000 	/System/Library/Frameworks/MetalPerformanceShaders.framework/Versions/A/Frameworks/MPSNeuralNetwork.framework/Versions/A/MPSNeuralNetwork
0x00007ff8154a2000 	/System/Library/Frameworks/MetalPerformanceShaders.framework/Versions/A/Frameworks/MPSMatrix.framework/Versions/A/MPSMatrix
0x00007ff81525e000 	/System/Library/Frameworks/MetalPerformanceShaders.framework/Versions/A/Frameworks/MPSRayIntersector.framework/Versions/A/MPSRayIntersector
0x00007ff8154db000 	/System/Library/Frameworks/MetalPerformanceShaders.framework/Versions/A/Frameworks/MPSNDArray.framework/Versions/A/MPSNDArray
0x00007ffa27170000 	/System/Library/Frameworks/MetalPerformanceShaders.framework/Versions/A/Frameworks/MPSFunctions.framework/Versions/A/MPSFunctions
0x00007ff80b2e6000 	/System/Library/PrivateFrameworks/MetalTools.framework/Versions/A/MetalTools
0x00007ff814171000 	/System/Library/PrivateFrameworks/AggregateDictionary.framework/Versions/A/AggregateDictionary
0x00007ff816368000 	/usr/lib/libIOReport.dylib
0x00007ffa23ba7000 	/System/Library/Frameworks/OpenCL.framework/Versions/A/OpenCL
0x00007ff8166cc000 	/System/Library/PrivateFrameworks/FaceCore.framework/Versions/A/FaceCore
0x00007ff8166bd000 	/System/Library/PrivateFrameworks/GraphVisualizer.framework/Versions/A/GraphVisualizer
0x00007ffb0e56a000 	/System/Library/PrivateFrameworks/FontServices.framework/Versions/A/FontServices
0x00007ff816ae9000 	/System/Library/PrivateFrameworks/OTSVG.framework/Versions/A/OTSVG
0x00007ff811f56000 	/System/Library/Frameworks/ApplicationServices.framework/Versions/A/Frameworks/ATS.framework/Versions/A/Resources/libFontRegistry.dylib
0x00007ff816b3a000 	/System/Library/PrivateFrameworks/FontServices.framework/libhvf.dylib
0x00007ffb0e56b000 	/System/Library/PrivateFrameworks/FontServices.framework/libXTFontStaticRegistryData.dylib
0x00007ff816536000 	/System/Library/PrivateFrameworks/AppleVA.framework/Versions/A/AppleVA
0x00007ff818650000 	/System/Library/Frameworks/ApplicationServices.framework/Versions/A/Frameworks/ATS.framework/Versions/A/ATS
0x00007ff810629000 	/System/Library/Frameworks/ApplicationServices.framework/Versions/A/Frameworks/HIServices.framework/Versions/A/HIServices
0x00007ff817632000 	/System/Library/Frameworks/ApplicationServices.framework/Versions/A/Frameworks/PrintCore.framework/Versions/A/PrintCore
0x00007ff8189cf000 	/System/Library/Frameworks/ApplicationServices.framework/Versions/A/Frameworks/QD.framework/Versions/A/QD
0x00007ff8189c7000 	/System/Library/Frameworks/ApplicationServices.framework/Versions/A/Frameworks/ColorSyncLegacy.framework/Versions/A/ColorSyncLegacy
0x00007ff818640000 	/System/Library/Frameworks/ApplicationServices.framework/Versions/A/Frameworks/SpeechSynthesis.framework/Versions/A/SpeechSynthesis
0x00007ff8175f3000 	/System/Library/Frameworks/ApplicationServices.framework/Versions/A/Frameworks/ATSUI.framework/Versions/A/ATSUI
0x00007ff81895c000 	/usr/lib/libcups.2.dylib
0x00007ff818d1f000 	/System/Library/Frameworks/Kerberos.framework/Versions/A/Kerberos
0x00007ff818d2e000 	/System/Library/Frameworks/GSS.framework/Versions/A/GSS
0x00007ff8186bc000 	/usr/lib/libresolv.9.dylib
0x00007ff816b49000 	/System/Library/PrivateFrameworks/Heimdal.framework/Versions/A/Heimdal
0x00007ff81f7d2000 	/System/Library/Frameworks/Kerberos.framework/Versions/A/Libraries/libHeimdalProxy.dylib
0x00007ff8112f8000 	/System/Library/Frameworks/Network.framework/Versions/A/Network
0x00007ff8165a0000 	/usr/lib/libheimdal-asn1.dylib
0x00007ff818d79000 	/System/Library/PrivateFrameworks/CommonAuth.framework/Versions/A/CommonAuth
0x00007ff8185c1000 	/System/Library/PrivateFrameworks/AudioSession.framework/Versions/A/AudioSession
0x00007ff816630000 	/System/Library/PrivateFrameworks/MediaExperience.framework/Versions/A/MediaExperience
0x00007ff818455000 	/System/Library/PrivateFrameworks/AudioSession.framework/libSessionUtility.dylib
0x00007ff8189db000 	/System/Library/PrivateFrameworks/AudioResourceArbitration.framework/Versions/A/AudioResourceArbitration
0x00007ff8165a9000 	/System/Library/PrivateFrameworks/IconFoundation.framework/Versions/A/IconFoundation
0x00007ff81b7b5000 	/System/Library/PrivateFrameworks/SpeechRecognitionCore.framework/Versions/A/SpeechRecognitionCore
0x0000000103fb6000 	/Users/kamruljaman/Library/Java/JavaVirtualMachines/corretto-11.0.12/Contents/Home/lib/server/libjvm.dylib
0x0000000103266000 	/Users/kamruljaman/Library/Java/JavaVirtualMachines/corretto-11.0.12/Contents/Home/lib/libverify.dylib
0x00000001032a9000 	/Users/kamruljaman/Library/Java/JavaVirtualMachines/corretto-11.0.12/Contents/Home/lib/libjava.dylib
0x000000010327a000 	/Users/kamruljaman/Library/Java/JavaVirtualMachines/corretto-11.0.12/Contents/Home/lib/libjimage.dylib
0x00000001032d9000 	/Users/kamruljaman/Library/Java/JavaVirtualMachines/corretto-11.0.12/Contents/Home/lib/libinstrument.dylib
0x0000000103299000 	/Users/kamruljaman/Library/Java/JavaVirtualMachines/corretto-11.0.12/Contents/Home/lib/libzip.dylib
0x0000000103d6b000 	/Users/kamruljaman/Library/Java/JavaVirtualMachines/corretto-11.0.12/Contents/Home/lib/libnio.dylib
0x0000000103da2000 	/Users/kamruljaman/Library/Java/JavaVirtualMachines/corretto-11.0.12/Contents/Home/lib/libnet.dylib
0x0000000103d83000 	/Users/kamruljaman/Library/Java/JavaVirtualMachines/corretto-11.0.12/Contents/Home/lib/libextnet.dylib
0x0000000103dc2000 	/Users/kamruljaman/Java/javafx-sdk-17.0.1/lib/libprism_es2.dylib
0x00007ff80d463000 	/System/Library/PrivateFrameworks/CoreServicesInternal.framework/Versions/A/CoreServicesInternal
0x00007ffa227a3000 	/System/Library/Frameworks/OpenGL.framework/Versions/A/Resources/GLEngine.bundle/GLEngine
0x00007ffa22605000 	/System/Library/Frameworks/OpenGL.framework/Versions/A/Libraries/libGLProgrammability.dylib
0x00007ffa1a2d9000 	/System/Library/Extensions/AppleIntelBDWGraphicsGLDriver.bundle/Contents/MacOS/AppleIntelBDWGraphicsGLDriver
0x00007ff91a0ea000 	/System/Library/PrivateFrameworks/GPUSupport.framework/Versions/A/Libraries/libGPUSupportMercury.dylib
0x00007ffa22932000 	/System/Library/Frameworks/OpenGL.framework/Versions/A/Resources/GLRendererFloat.bundle/GLRendererFloat
0x0000000107687000 	/Users/kamruljaman/Java/javafx-sdk-17.0.1/lib/libglass.dylib
0x00007ff81cf86000 	/System/Library/Frameworks/FileProvider.framework/Versions/A/FileProvider
0x00007ff8110d7000 	/System/Library/Frameworks/Accounts.framework/Versions/A/Accounts
0x00007ff81d0fe000 	/System/Library/PrivateFrameworks/GenerationalStorage.framework/Versions/A/GenerationalStorage
0x00007ff81dc0b000 	/System/Library/PrivateFrameworks/CoreSymbolication.framework/Versions/A/CoreSymbolication
0x00007ff81c98a000 	/System/Library/PrivateFrameworks/SymptomDiagnosticReporter.framework/Versions/A/SymptomDiagnosticReporter
0x00007ff80e722000 	/System/Library/PrivateFrameworks/DesktopServicesPriv.framework/Versions/A/DesktopServicesPriv
0x00007ff80d5a4000 	/usr/lib/libsandbox.1.dylib
0x00007ff8123ec000 	/System/Library/PrivateFrameworks/UserManagement.framework/Versions/A/UserManagement
0x00007ff81dbd0000 	/System/Library/PrivateFrameworks/DebugSymbols.framework/Versions/A/DebugSymbols
0x00007ff8189bc000 	/System/Library/PrivateFrameworks/NetAuth.framework/Versions/A/NetAuth
0x00007ff8198a8000 	/System/Library/PrivateFrameworks/Sharing.framework/Versions/A/Sharing
0x00007ff8123bf000 	/System/Library/PrivateFrameworks/login.framework/Versions/A/Frameworks/loginsupport.framework/Versions/A/loginsupport
0x00007ff81ed08000 	/System/Library/PrivateFrameworks/Apple80211.framework/Versions/A/Apple80211
0x00007ff81565b000 	/System/Library/PrivateFrameworks/AuthKit.framework/Versions/A/AuthKit
0x00007ff814cba000 	/System/Library/PrivateFrameworks/CoreUtils.framework/Versions/A/CoreUtils
0x00007ff814be1000 	/System/Library/Frameworks/CoreWLAN.framework/Versions/A/CoreWLAN
0x00007ff819a03000 	/System/Library/Frameworks/IOBluetooth.framework/Versions/A/IOBluetooth
0x00007ff81ed70000 	/System/Library/PrivateFrameworks/CoreWiFi.framework/Versions/A/CoreWiFi
0x00007ff81d7a5000 	/System/Library/PrivateFrameworks/FrontBoardServices.framework/Versions/A/FrontBoardServices
0x00007ff81d837000 	/System/Library/PrivateFrameworks/BoardServices.framework/Versions/A/BoardServices
0x00007ff814ed4000 	/System/Library/PrivateFrameworks/AssertionServices.framework/Versions/A/AssertionServices
0x00007ff81eef4000 	/System/Library/PrivateFrameworks/BackBoardServices.framework/Versions/A/BackBoardServices
0x00007ff818e08000 	/System/Library/PrivateFrameworks/CorePhoneNumbers.framework/Versions/A/CorePhoneNumbers
0x00007ff81caa7000 	/System/Library/PrivateFrameworks/DiskManagement.framework/Versions/A/DiskManagement
0x00007ff81c9bb000 	/System/Library/PrivateFrameworks/AppleIDAuthSupport.framework/Versions/A/AppleIDAuthSupport
0x00007ffa290d6000 	/System/Library/PrivateFrameworks/AAAFoundation.framework/Versions/A/AAAFoundation
0x00007ff818de9000 	/System/Library/PrivateFrameworks/KeychainCircle.framework/Versions/A/KeychainCircle
0x00007ff81ca73000 	/System/Library/PrivateFrameworks/MediaKit.framework/Versions/A/MediaKit
0x00007ff81c9c7000 	/System/Library/Frameworks/DiscRecording.framework/Versions/A/DiscRecording
0x00007ff8164ae000 	/usr/lib/libCoreStorage.dylib
0x00007ff81f1e1000 	/usr/lib/libcsfde.dylib
0x00007ff819ad0000 	/System/Library/PrivateFrameworks/ProtectedCloudStorage.framework/Versions/A/ProtectedCloudStorage
0x00007ff81f1dd000 	/System/Library/PrivateFrameworks/EFILogin.framework/Versions/A/EFILogin
0x00007ff81d124000 	/System/Library/PrivateFrameworks/OctagonTrust.framework/Versions/A/OctagonTrust
0x00007ffb0d8a4000 	/System/Library/PrivateFrameworks/CoreUtilsExtras.framework/Versions/A/CoreUtilsExtras
0x00007ff81c8fa000 	/System/Library/Frameworks/CoreBluetooth.framework/Versions/A/CoreBluetooth
0x00007ff81f857000 	/System/Library/Frameworks/AudioUnit.framework/Versions/A/AudioUnit
0x00007ff8164a6000 	/usr/lib/libMatch.1.dylib
0x00007ff9146d4000 	/System/Library/Frameworks/Accelerate.framework/Versions/A/Frameworks/vImage.framework/Versions/A/Libraries/libCGInterfaces.dylib
0x0000000126b81000 	/usr/lib/libobjc-trampolines.dylib
0x00007ff8120e6000 	/System/Library/PrivateFrameworks/ViewBridge.framework/Versions/A/ViewBridge
0x00007ffb2016e000 	/usr/lib/libRosetta.dylib


VM Arguments:
jvm_args: --module-path=/Users/kamruljaman/Java/javafx-sdk-17.0.1/lib --add-modules=javafx.controls,javafx.fxml -javaagent:/Applications/IntelliJ IDEA.app/Contents/lib/idea_rt.jar=54037:/Applications/IntelliJ IDEA.app/Contents/bin -Dfile.encoding=UTF-8 
java_command: system.MainApplication
java_class_path (initial): /Users/kamruljaman/Desktop/PGRM/javafx/EnergyManagementSystem/target/classes:/Users/kamruljaman/.m2/repository/org/openjfx/javafx-controls/11.0.2/javafx-controls-11.0.2.jar:/Users/kamruljaman/.m2/repository/org/openjfx/javafx-controls/11.0.2/javafx-controls-11.0.2-mac.jar:/Users/kamruljaman/.m2/repository/org/openjfx/javafx-graphics/11.0.2/javafx-graphics-11.0.2.jar:/Users/kamruljaman/.m2/repository/org/openjfx/javafx-graphics/11.0.2/javafx-graphics-11.0.2-mac.jar:/Users/kamruljaman/.m2/repository/org/openjfx/javafx-base/11.0.2/javafx-base-11.0.2.jar:/Users/kamruljaman/.m2/repository/org/openjfx/javafx-base/11.0.2/javafx-base-11.0.2-mac.jar:/Users/kamruljaman/.m2/repository/org/openjfx/javafx-fxml/11.0.2/javafx-fxml-11.0.2.jar:/Users/kamruljaman/.m2/repository/org/openjfx/javafx-fxml/11.0.2/javafx-fxml-11.0.2-mac.jar:/Users/kamruljaman/.m2/repository/org/openjfx/javafx-web/11.0.2/javafx-web-11.0.2.jar:/Users/kamruljaman/.m2/repository/org/openjfx/javafx-web/11.0.2/javafx-web-11.0.2-mac.jar:/Users/kamruljaman/.m2/repository/org/openjfx/javafx-media/11.0.2/javafx-media-11.0.2.jar:/Users/kamruljaman/.m2/repository/org/openjfx/javafx-media/11.0.2/javafx-media-11.0.2-mac.jar:/Users/kamruljaman/.m2/repository/org/controlsfx/controlsfx/11.1.0/controlsfx-11.1.0.jar:/Users/kamruljaman/.m2/repository/com/dlsc/formsfx/formsfx-core/11.3.2/formsfx-core-11.3.2.jar:/Users/kamruljaman/.m2/repository/net/synedra/validatorfx/0.1.13/validatorfx-0.1.13.jar:/Users/kamruljaman/.m2/repository/org/kordamp/ikonli/ikonli-javafx/12.2.0/ikonli-javafx-12.2.0.jar:/Users/kamruljaman/.m2/repository/org/kordamp/ikonli/ikonli-core/12.2.0/ikonli-core-12.2.0.jar:/Users/kamruljaman/.m2/repository/org/kordamp/bootstrapfx/bootstrapfx-core/0.4.0/bootstrapfx-core-0.4.0.jar:/Users/kamruljaman/.m2/repository/eu/hansolo/tilesfx/11.48/tilesfx-11.48.jar
Launcher Type: SUN_STANDARD

[Global flags]
     intx CICompilerCount                          = 3                                         {product} {ergonomic}
     uint ConcGCThreads                            = 1                                         {product} {ergonomic}
     uint G1ConcRefinementThreads                  = 4                                         {product} {ergonomic}
   size_t G1HeapRegionSize                         = 1048576                                   {product} {ergonomic}
    uintx GCDrainStackTargetSize                   = 64                                        {product} {ergonomic}
   size_t InitialHeapSize                          = 134217728                                 {product} {ergonomic}
   size_t MarkStackSize                            = 4194304                                   {product} {ergonomic}
   size_t MaxHeapSize                              = 2147483648                                {product} {ergonomic}
   size_t MaxNewSize                               = 1287651328                                {product} {ergonomic}
   size_t MinHeapDeltaBytes                        = 1048576                                   {product} {ergonomic}
    uintx NonNMethodCodeHeapSize                   = 5830732                                {pd product} {ergonomic}
    uintx NonProfiledCodeHeapSize                  = 122913754                              {pd product} {ergonomic}
    uintx ProfiledCodeHeapSize                     = 122913754                              {pd product} {ergonomic}
    uintx ReservedCodeCacheSize                    = 251658240                              {pd product} {ergonomic}
     bool SegmentedCodeCache                       = true                                      {product} {ergonomic}
     bool UseCompressedClassPointers               = true                                 {lp64_product} {ergonomic}
     bool UseCompressedOops                        = true                                 {lp64_product} {ergonomic}
     bool UseG1GC                                  = true                                      {product} {ergonomic}

Logging:
Log output configuration:
 #0: stdout all=warning uptime,level,tags
 #1: stderr all=off uptime,level,tags

Environment Variables:
PATH=/Library/Frameworks/Python.framework/Versions/3.8/bin:/Users/kamruljaman/opt/anaconda3/bin:/usr/local/bin:/usr/bin:/bin:/usr/sbin:/sbin:/Library/Apple/usr/bin
SHELL=/bin/bash
LC_CTYPE=en_GB.UTF-8

Signal Handlers:
SIGSEGV: [libjvm.dylib+0x79f160], sa_mask[0]=11111111011111110111111111111111, sa_flags=SA_ONSTACK|SA_RESTART|SA_SIGINFO
SIGBUS: [libjvm.dylib+0x79f160], sa_mask[0]=11111111011111110111111111111111, sa_flags=SA_RESTART|SA_SIGINFO
SIGFPE: [libjvm.dylib+0x79f160], sa_mask[0]=11111111011111110111111111111111, sa_flags=SA_RESTART|SA_SIGINFO
SIGPIPE: [libjvm.dylib+0x60c849], sa_mask[0]=11111111011111110111111111111111, sa_flags=SA_RESTART|SA_SIGINFO
SIGXFSZ: [libjvm.dylib+0x60c849], sa_mask[0]=11111111011111110111111111111111, sa_flags=SA_RESTART|SA_SIGINFO
SIGILL: [libjvm.dylib+0x79f160], sa_mask[0]=11111111011111110111111111111111, sa_flags=SA_RESTART|SA_SIGINFO
SIGUSR2: [libjvm.dylib+0x60ce28], sa_mask[0]=00100000000000000000000000000000, sa_flags=SA_RESTART|SA_SIGINFO
SIGHUP: [libjvm.dylib+0x60b9d9], sa_mask[0]=11111111011111110111111111111111, sa_flags=SA_RESTART|SA_SIGINFO
SIGINT: [libjvm.dylib+0x60b9d9], sa_mask[0]=11111111011111110111111111111111, sa_flags=SA_RESTART|SA_SIGINFO
SIGTERM: [libjvm.dylib+0x60b9d9], sa_mask[0]=11111111011111110111111111111111, sa_flags=SA_RESTART|SA_SIGINFO
SIGQUIT: [libjvm.dylib+0x60b9d9], sa_mask[0]=11111111011111110111111111111111, sa_flags=SA_RESTART|SA_SIGINFO


---------------  S Y S T E M  ---------------

OS:uname:Darwin 21.1.0 Darwin Kernel Version 21.1.0: Wed Oct 13 17:33:23 PDT 2021; root:xnu-8019.41.5~1/RELEASE_X86_64 x86_64
OS uptime: 7 days 12:56 hours
rlimit (soft/hard): STACK 8192k/65532k , CORE 0k/infinity , NPROC 1392/2088 , NOFILE 10240/infinity , AS infinity/infinity , CPU infinity/infinity , DATA infinity/infinity , FSIZE infinity/infinity , MEMLOCK infinity/infinity , RSS infinity/infinity
load average:4.64 3.51 3.46

CPU:total 4 (initial active 4) (2 cores per cpu, 2 threads per core) family 6 model 61 stepping 4 microcode 0x2f, cmov, cx8, fxsr, mmx, sse, sse2, sse3, ssse3, sse4.1, sse4.2, popcnt, avx, avx2, aes, clmul, erms, 3dnowpref, lzcnt, ht, tsc, tscinvbit, bmi1, bmi2, adx, fma

Memory: 4k page, physical 8388608k(93124k free), swap 6291456k(1394944k free)

vm_info: OpenJDK 64-Bit Server VM (11.0.12+7-LTS) for bsd-amd64 JRE (11.0.12+7-LTS), built on Jul 17 2021 00:13:48 by "ec2user" with clang Apple LLVM 12.0.5 (clang-1205.0.22.9)

END.
